  bash arg: -p
  bash arg: org.totschnig.myexpenses
  bash arg: -v
  bash arg: 50000
  bash arg: -s
  bash arg: 45333333310
:Monkey: seed=1507056213889 count=50000
:AllowPackage: org.totschnig.myexpenses
:IncludeCategory: android.intent.category.LAUNCHER
:IncludeCategory: android.intent.category.MONKEY
// Event percentages:
//   0: 15.0%
//   1: 10.0%
//   2: 2.0%
//   3: 15.0%
//   4: -0.0%
//   5: -0.0%
//   6: 25.0%
//   7: 15.0%
//   8: 2.0%
//   9: 2.0%
//   10: 1.0%
//   11: 13.0%
:Switch: #Intent;action=android.intent.action.MAIN;category=android.intent.category.LAUNCHER;launchFlags=0x10200000;component=org.totschnig.myexpenses/.activity.SplashActivity;end
    // Allowing start of Intent { act=android.intent.action.MAIN cat=[android.intent.category.LAUNCHER] cmp=org.totschnig.myexpenses/.activity.SplashActivity } in package org.totschnig.myexpenses
:Sending Trackball (ACTION_MOVE): 0:(-3.0,-2.0)
:Sending Trackball (ACTION_MOVE): 0:(-1.0,-1.0)
:Sending Touch (ACTION_DOWN): 0:(136.0,659.0)
:Sending Touch (ACTION_UP): 0:(212.92752,660.557)
:Sending Touch (ACTION_DOWN): 0:(342.0,745.0)
:Sending Touch (ACTION_UP): 0:(347.8023,748.6092)
:Switch: #Intent;action=android.intent.action.MAIN;category=android.intent.category.LAUNCHER;launchFlags=0x10200000;component=org.totschnig.myexpenses/.activity.SplashActivity;end
    // Allowing start of Intent { act=android.intent.action.MAIN cat=[android.intent.category.LAUNCHER] cmp=org.totschnig.myexpenses/.activity.SplashActivity } in package org.totschnig.myexpenses
:Sending Trackball (ACTION_MOVE): 0:(-5.0,2.0)
:Switch: #Intent;action=android.intent.action.MAIN;category=android.intent.category.LAUNCHER;launchFlags=0x10200000;component=org.totschnig.myexpenses/.activity.SplashActivity;end
    // Allowing start of Intent { act=android.intent.action.MAIN cat=[android.intent.category.LAUNCHER] cmp=org.totschnig.myexpenses/.activity.SplashActivity } in package org.totschnig.myexpenses
:Sending Touch (ACTION_DOWN): 0:(170.0,802.0)
:Sending Touch (ACTION_UP): 0:(171.17131,782.44135)
:Sending Touch (ACTION_DOWN): 0:(275.0,698.0)
:Sending Touch (ACTION_UP): 0:(261.6314,708.37024)
:Sending Touch (ACTION_DOWN): 0:(1280.0,609.0)
:Sending Touch (ACTION_UP): 0:(1295.5927,605.5633)
:Sending Trackball (ACTION_MOVE): 0:(0.0,4.0)
:Sending Touch (ACTION_DOWN): 0:(1225.0,251.0)
:Sending Touch (ACTION_UP): 0:(1247.562,215.76459)
:Sending Touch (ACTION_DOWN): 0:(1549.0,1045.0)
:Sending Touch (ACTION_UP): 0:(1536.2288,1046.2788)
:Sending Touch (ACTION_DOWN): 0:(515.0,399.0)
:Sending Touch (ACTION_UP): 0:(488.54507,394.58023)
:Sending Trackball (ACTION_MOVE): 0:(-4.0,-2.0)
    //[calendar_time:2017-10-02 04:50:43.028  system_uptime:180141]
    // Sending event #100
:Sending Trackball (ACTION_MOVE): 0:(-4.0,3.0)
:Sending Touch (ACTION_DOWN): 0:(1747.0,51.0)
:Sending Touch (ACTION_UP): 0:(1726.0364,100.15809)
:Sending Trackball (ACTION_MOVE): 0:(3.0,-1.0)
:Sending Trackball (ACTION_MOVE): 0:(-4.0,3.0)
:Sending Touch (ACTION_DOWN): 0:(258.0,415.0)
:Sending Touch (ACTION_UP): 0:(258.22952,422.19064)
:Sending Touch (ACTION_DOWN): 0:(556.0,706.0)
:Sending Touch (ACTION_UP): 0:(578.7536,702.2235)
:Sending Touch (ACTION_DOWN): 0:(716.0,751.0)
:Sending Touch (ACTION_UP): 0:(710.4799,749.9838)
:Sending Touch (ACTION_DOWN): 0:(1116.0,325.0)
:Sending Touch (ACTION_UP): 0:(1124.6663,322.7752)
:Sending Trackball (ACTION_MOVE): 0:(1.0,-2.0)
:Sending Touch (ACTION_DOWN): 0:(1241.0,505.0)
:Sending Touch (ACTION_UP): 0:(1211.6815,474.95337)
:Switch: #Intent;action=android.intent.action.MAIN;category=android.intent.category.LAUNCHER;launchFlags=0x10200000;component=org.totschnig.myexpenses/.activity.SplashActivity;end
    // Allowing start of Intent { act=android.intent.action.MAIN cat=[android.intent.category.LAUNCHER] cmp=org.totschnig.myexpenses/.activity.SplashActivity } in package org.totschnig.myexpenses
:Sending Touch (ACTION_DOWN): 0:(133.0,529.0)
:Sending Touch (ACTION_UP): 0:(131.95816,520.68854)
:Sending Trackball (ACTION_MOVE): 0:(-2.0,4.0)
    //[calendar_time:2017-10-02 04:50:43.741  system_uptime:180852]
    // Sending event #200
:Sending Trackball (ACTION_MOVE): 0:(3.0,4.0)
:Sending Touch (ACTION_DOWN): 0:(599.0,280.0)
:Sending Touch (ACTION_UP): 0:(620.33997,290.6654)
:Sending Touch (ACTION_DOWN): 0:(1131.0,503.0)
    // Rejecting start of Intent { act=android.intent.action.SHOW_ALARMS cmp=com.google.android.deskclock/com.android.deskclock.HandleApiCalls } in package com.google.android.deskclock
:Sending Touch (ACTION_UP): 0:(1123.6143,564.634)
:Sending Trackball (ACTION_MOVE): 0:(-1.0,-4.0)
:Sending Touch (ACTION_DOWN): 0:(256.0,940.0)
:Sending Touch (ACTION_UP): 0:(263.25964,941.356)
:Sending Touch (ACTION_DOWN): 0:(703.0,718.0)
:Sending Touch (ACTION_UP): 0:(710.87,710.11743)
:Sending Trackball (ACTION_MOVE): 0:(3.0,3.0)
:Sending Touch (ACTION_DOWN): 0:(225.0,966.0)
:Sending Touch (ACTION_UP): 0:(233.61743,957.7739)
    // Rejecting start of Intent { act=android.intent.action.CALL_BUTTON cmp=com.google.android.dialer/com.google.android.apps.dialer.extensions.GoogleDialtactsActivity } in package com.google.android.dialer
:Sending Trackball (ACTION_MOVE): 0:(0.0,2.0)
:Sending Touch (ACTION_DOWN): 0:(257.0,944.0)
:Sending Touch (ACTION_UP): 0:(308.82898,910.2158)
:Sending Trackball (ACTION_MOVE): 0:(0.0,-4.0)
    //[calendar_time:2017-10-02 04:50:44.353  system_uptime:181464]
    // Sending event #300
:Sending Touch (ACTION_DOWN): 0:(1438.0,885.0)
:Sending Touch (ACTION_UP): 0:(1436.2461,883.8782)
:Sending Touch (ACTION_DOWN): 0:(455.0,106.0)
:Sending Touch (ACTION_UP): 0:(449.89435,106.782)
:Sending Flip keyboardOpen=false
:Sending Trackball (ACTION_MOVE): 0:(4.0,-5.0)
:Switch: #Intent;action=android.intent.action.MAIN;category=android.intent.category.LAUNCHER;launchFlags=0x10200000;component=org.totschnig.myexpenses/.activity.SplashActivity;end
    // Allowing start of Intent { act=android.intent.action.MAIN cat=[android.intent.category.LAUNCHER] cmp=org.totschnig.myexpenses/.activity.SplashActivity } in package org.totschnig.myexpenses
:Sending Touch (ACTION_DOWN): 0:(464.0,181.0)
:Sending Touch (ACTION_UP): 0:(461.99203,180.72511)
:Sending Touch (ACTION_DOWN): 0:(694.0,642.0)
:Sending Touch (ACTION_UP): 0:(694.98444,630.0882)
:Sending Trackball (ACTION_MOVE): 0:(1.0,-5.0)
:Sending Touch (ACTION_DOWN): 0:(1660.0,781.0)
:Sending Touch (ACTION_UP): 0:(1654.0114,779.2991)
:Sending Touch (ACTION_DOWN): 0:(397.0,1011.0)
:Sending Touch (ACTION_UP): 0:(412.07608,1003.3317)
:Sending Touch (ACTION_DOWN): 0:(103.0,464.0)
:Sending Touch (ACTION_UP): 0:(91.31398,463.40088)
:Sending Touch (ACTION_DOWN): 0:(469.0,339.0)
:Sending Touch (ACTION_UP): 0:(458.95718,338.7263)
:Sending Trackball (ACTION_MOVE): 0:(-1.0,3.0)
    // Rejecting start of Intent { act=android.intent.action.MAIN cat=[android.intent.category.HOME] cmp=com.google.android.apps.nexuslauncher/.NexusLauncherActivity } in package com.google.android.apps.nexuslauncher
:Switch: #Intent;action=android.intent.action.MAIN;category=android.intent.category.LAUNCHER;launchFlags=0x10200000;component=org.totschnig.myexpenses/.activity.SplashActivity;end
    // Allowing start of Intent { act=android.intent.action.MAIN cat=[android.intent.category.LAUNCHER] cmp=org.totschnig.myexpenses/.activity.SplashActivity } in package org.totschnig.myexpenses
:Sending Touch (ACTION_DOWN): 0:(1471.0,994.0)
:Sending Touch (ACTION_UP): 0:(1468.8164,994.0092)
:Sending Trackball (ACTION_MOVE): 0:(0.0,-3.0)
:Sending Trackball (ACTION_MOVE): 0:(-4.0,-5.0)
    //[calendar_time:2017-10-02 04:50:45.006  system_uptime:182117]
    // Sending event #400
:Sending Touch (ACTION_DOWN): 0:(1104.0,939.0)
:Sending Touch (ACTION_UP): 0:(1125.1498,973.9556)
:Sending Trackball (ACTION_MOVE): 0:(-4.0,-5.0)
:Sending Trackball (ACTION_MOVE): 0:(4.0,3.0)
    // Rejecting start of Intent { act=android.intent.action.MAIN cat=[android.intent.category.HOME] cmp=com.google.android.apps.nexuslauncher/.NexusLauncherActivity } in package com.google.android.apps.nexuslauncher
:Sending Touch (ACTION_DOWN): 0:(805.0,97.0)
:Sending Touch (ACTION_UP): 0:(825.8903,92.0774)
    // Injection Failed
:Sending Trackball (ACTION_MOVE): 0:(-2.0,2.0)
:Sending Touch (ACTION_DOWN): 0:(566.0,1020.0)
:Sending Touch (ACTION_UP): 0:(566.36615,1017.3937)
:Sending Touch (ACTION_DOWN): 0:(1778.0,424.0)
:Sending Touch (ACTION_UP): 0:(1777.6213,446.0814)
:Sending Touch (ACTION_DOWN): 0:(290.0,776.0)
:Sending Touch (ACTION_UP): 0:(301.1819,788.5913)
:Sending Touch (ACTION_DOWN): 0:(1782.0,983.0)
:Sending Touch (ACTION_UP): 0:(1794.0,914.517)
:Sending Trackball (ACTION_MOVE): 0:(-4.0,-2.0)
    //[calendar_time:2017-10-02 04:50:45.740  system_uptime:182851]
    // Sending event #500
:Switch: #Intent;action=android.intent.action.MAIN;category=android.intent.category.LAUNCHER;launchFlags=0x10200000;component=org.totschnig.myexpenses/.activity.SplashActivity;end
    // Allowing start of Intent { act=android.intent.action.MAIN cat=[android.intent.category.LAUNCHER] cmp=org.totschnig.myexpenses/.activity.SplashActivity } in package org.totschnig.myexpenses
:Sending Trackball (ACTION_MOVE): 0:(2.0,3.0)
:Sending Flip keyboardOpen=true
:Sending Trackball (ACTION_MOVE): 0:(2.0,1.0)
:Sending Touch (ACTION_DOWN): 0:(1616.0,116.0)
:Sending Touch (ACTION_UP): 0:(1631.5453,69.86931)
:Sending Touch (ACTION_DOWN): 0:(752.0,353.0)
:Sending Touch (ACTION_UP): 0:(751.9295,351.72955)
:Sending Touch (ACTION_DOWN): 0:(669.0,87.0)
:Sending Touch (ACTION_UP): 0:(669.88824,88.269714)
:Sending Touch (ACTION_DOWN): 0:(356.0,237.0)
:Sending Touch (ACTION_UP): 0:(378.8601,234.51643)
:Sending Touch (ACTION_DOWN): 0:(66.0,556.0)
:Sending Touch (ACTION_UP): 0:(68.960686,561.5013)
:Sending Touch (ACTION_DOWN): 0:(176.0,849.0)
:Sending Touch (ACTION_UP): 0:(167.51071,836.5001)
:Switch: #Intent;action=android.intent.action.MAIN;category=android.intent.category.LAUNCHER;launchFlags=0x10200000;component=org.totschnig.myexpenses/.activity.SplashActivity;end
    // Allowing start of Intent { act=android.intent.action.MAIN cat=[android.intent.category.LAUNCHER] cmp=org.totschnig.myexpenses/.activity.SplashActivity } in package org.totschnig.myexpenses
:Sending Touch (ACTION_DOWN): 0:(951.0,957.0)
:Sending Touch (ACTION_UP): 0:(992.46796,973.4924)
    // Allowing start of Intent { cmp=org.totschnig.myexpenses/.activity.Help } in package org.totschnig.myexpenses
:Sending Trackball (ACTION_MOVE): 0:(-2.0,-2.0)
:Sending Trackball (ACTION_MOVE): 0:(-4.0,3.0)
:Sending Trackball (ACTION_MOVE): 0:(-1.0,-2.0)
    //[calendar_time:2017-10-02 04:50:46.940  system_uptime:184051]
    // Sending event #600
:Sending Touch (ACTION_DOWN): 0:(519.0,232.0)
:Sending Touch (ACTION_UP): 0:(519.0082,241.23732)
:Sending Touch (ACTION_DOWN): 0:(1061.0,219.0)
:Sending Touch (ACTION_UP): 0:(1060.031,241.96902)
:Sending Trackball (ACTION_MOVE): 0:(3.0,-1.0)
:Sending Touch (ACTION_DOWN): 0:(1046.0,836.0)
:Sending Touch (ACTION_UP): 0:(1036.7965,837.6902)
:Sending Touch (ACTION_DOWN): 0:(1513.0,103.0)
:Sending Touch (ACTION_UP): 0:(1508.3538,97.4281)
:Sending Trackball (ACTION_MOVE): 0:(-5.0,4.0)
:Sending Touch (ACTION_DOWN): 0:(1404.0,66.0)
:Sending Touch (ACTION_UP): 0:(1427.8452,77.00254)
:Sending Trackball (ACTION_MOVE): 0:(2.0,4.0)
:Sending Trackball (ACTION_UP): 0:(0.0,0.0)
:Sending Trackball (ACTION_MOVE): 0:(4.0,-1.0)
:Sending Touch (ACTION_DOWN): 0:(553.0,828.0)
:Sending Touch (ACTION_UP): 0:(540.6244,831.42334)
:Sending Touch (ACTION_DOWN): 0:(968.0,397.0)
:Sending Touch (ACTION_UP): 0:(972.1179,397.7884)
:Sending Touch (ACTION_DOWN): 0:(1167.0,867.0)
:Sending Touch (ACTION_UP): 0:(1170.7634,866.0111)
:Switch: #Intent;action=android.intent.action.MAIN;category=android.intent.category.LAUNCHER;launchFlags=0x10200000;component=org.totschnig.myexpenses/.activity.SplashActivity;end
    // Allowing start of Intent { act=android.intent.action.MAIN cat=[android.intent.category.LAUNCHER] cmp=org.totschnig.myexpenses/.activity.SplashActivity } in package org.totschnig.myexpenses
:Sending Trackball (ACTION_MOVE): 0:(3.0,-2.0)
    //[calendar_time:2017-10-02 04:50:47.355  system_uptime:184467]
    // Sending event #700
:Sending Trackball (ACTION_UP): 0:(0.0,0.0)
:Sending Trackball (ACTION_MOVE): 0:(2.0,-2.0)
:Sending Trackball (ACTION_MOVE): 0:(-2.0,4.0)
:Sending Trackball (ACTION_MOVE): 0:(2.0,-3.0)
:Sending Touch (ACTION_DOWN): 0:(786.0,358.0)
:Sending Touch (ACTION_UP): 0:(805.8999,358.3171)
:Sending Touch (ACTION_DOWN): 0:(654.0,862.0)
:Sending Touch (ACTION_UP): 0:(654.6929,868.118)
:Sending Trackball (ACTION_MOVE): 0:(4.0,-1.0)
:Sending Trackball (ACTION_UP): 0:(0.0,0.0)
:Sending Touch (ACTION_DOWN): 0:(325.0,442.0)
:Sending Touch (ACTION_UP): 0:(243.94994,515.9189)
:Switch: #Intent;action=android.intent.action.MAIN;category=android.intent.category.LAUNCHER;launchFlags=0x10200000;component=org.totschnig.myexpenses/.activity.SplashActivity;end
    // Allowing start of Intent { act=android.intent.action.MAIN cat=[android.intent.category.LAUNCHER] cmp=org.totschnig.myexpenses/.activity.SplashActivity } in package org.totschnig.myexpenses
:Sending Trackball (ACTION_MOVE): 0:(2.0,0.0)
:Sending Trackball (ACTION_UP): 0:(0.0,0.0)
:Sending Touch (ACTION_DOWN): 0:(1187.0,598.0)
    //[calendar_time:2017-10-02 04:50:47.745  system_uptime:184857]
    // Sending event #800
:Sending Touch (ACTION_UP): 0:(1123.9368,547.28217)
:Sending Trackball (ACTION_MOVE): 0:(2.0,-4.0)
:Sending Flip keyboardOpen=false
:Sending Touch (ACTION_DOWN): 0:(529.0,804.0)
:Sending Touch (ACTION_UP): 0:(531.987,794.18066)
:Sending Trackball (ACTION_MOVE): 0:(-1.0,-2.0)
:Sending Trackball (ACTION_UP): 0:(0.0,0.0)
    // Rejecting start of Intent { act=com.android.intent.action.SHOW_BRIGHTNESS_DIALOG cmp=com.android.systemui/.settings.BrightnessDialog } in package com.android.systemui
:Sending Touch (ACTION_DOWN): 0:(728.0,601.0)
:Sending Touch (ACTION_UP): 0:(694.7586,548.55566)
:Sending Touch (ACTION_DOWN): 0:(365.0,1037.0)
:Sending Touch (ACTION_UP): 0:(447.44525,1045.8414)
:Sending Touch (ACTION_DOWN): 0:(220.0,794.0)
:Sending Touch (ACTION_UP): 0:(140.66165,724.2049)
    // activityResuming(org.totschnig.myexpenses)
:Sending Touch (ACTION_DOWN): 0:(505.0,194.0)
:Sending Touch (ACTION_UP): 0:(509.2371,198.25717)
:Sending Trackball (ACTION_MOVE): 0:(-4.0,-2.0)
:Sending Touch (ACTION_DOWN): 0:(89.0,184.0)
:Sending Touch (ACTION_UP): 0:(104.72676,179.1804)
:Sending Touch (ACTION_DOWN): 0:(1437.0,1065.0)
:Sending Touch (ACTION_UP): 0:(1438.4506,1058.1447)
:Sending Touch (ACTION_DOWN): 0:(587.0,586.0)
    //[calendar_time:2017-10-02 04:50:48.688  system_uptime:185800]
    // Sending event #900
:Sending Touch (ACTION_UP): 0:(624.0185,582.8853)
:Sending Touch (ACTION_DOWN): 0:(1019.0,692.0)
:Sending Touch (ACTION_UP): 0:(1018.9147,695.0762)
:Sending Touch (ACTION_DOWN): 0:(1186.0,204.0)
:Sending Touch (ACTION_UP): 0:(1169.1268,194.67673)
:Switch: #Intent;action=android.intent.action.MAIN;category=android.intent.category.LAUNCHER;launchFlags=0x10200000;component=org.totschnig.myexpenses/.activity.SplashActivity;end
    // Allowing start of Intent { act=android.intent.action.MAIN cat=[android.intent.category.LAUNCHER] cmp=org.totschnig.myexpenses/.activity.SplashActivity } in package org.totschnig.myexpenses
:Sending Touch (ACTION_DOWN): 0:(826.0,1025.0)
:Sending Touch (ACTION_UP): 0:(833.60583,1022.8338)
:Sending Trackball (ACTION_MOVE): 0:(-4.0,2.0)
:Sending Touch (ACTION_DOWN): 0:(1557.0,843.0)
:Sending Touch (ACTION_UP): 0:(1601.5248,878.5727)
:Switch: #Intent;action=android.intent.action.MAIN;category=android.intent.category.LAUNCHER;launchFlags=0x10200000;component=org.totschnig.myexpenses/.activity.SplashActivity;end
    // Allowing start of Intent { act=android.intent.action.MAIN cat=[android.intent.category.LAUNCHER] cmp=org.totschnig.myexpenses/.activity.SplashActivity } in package org.totschnig.myexpenses
:Sending Touch (ACTION_DOWN): 0:(1009.0,586.0)
:Sending Touch (ACTION_UP): 0:(946.3062,655.13153)
:Sending Touch (ACTION_DOWN): 0:(659.0,560.0)
:Sending Touch (ACTION_UP): 0:(661.8618,552.803)
:Sending Trackball (ACTION_MOVE): 0:(1.0,1.0)
    // Rejecting start of Intent { act=android.intent.action.CALL_BUTTON cmp=com.google.android.dialer/com.google.android.apps.dialer.extensions.GoogleDialtactsActivity } in package com.google.android.dialer
:Sending Touch (ACTION_DOWN): 0:(419.0,997.0)
:Sending Touch (ACTION_UP): 0:(384.36942,961.99554)
:Sending Trackball (ACTION_MOVE): 0:(-3.0,3.0)
    //[calendar_time:2017-10-02 04:50:49.392  system_uptime:186503]
    // Sending event #1000
:Sending Touch (ACTION_DOWN): 0:(846.0,159.0)
:Sending Touch (ACTION_UP): 0:(847.85223,148.90657)
:Sending Trackball (ACTION_MOVE): 0:(1.0,4.0)
:Sending Touch (ACTION_DOWN): 0:(1744.0,726.0)
:Sending Touch (ACTION_UP): 0:(1764.1713,700.7063)
:Sending Trackball (ACTION_MOVE): 0:(3.0,-1.0)
:Sending Touch (ACTION_DOWN): 0:(906.0,291.0)
:Sending Touch (ACTION_UP): 0:(902.6074,296.30426)
:Sending Trackball (ACTION_MOVE): 0:(-3.0,-5.0)
:Sending Touch (ACTION_DOWN): 0:(308.0,331.0)
:Sending Touch (ACTION_UP): 0:(290.85263,332.48203)
:Sending Touch (ACTION_DOWN): 0:(991.0,710.0)
:Sending Touch (ACTION_UP): 0:(975.7828,714.2352)
:Sending Touch (ACTION_DOWN): 0:(55.0,313.0)
:Sending Touch (ACTION_UP): 0:(14.526572,333.79813)
:Sending Touch (ACTION_DOWN): 0:(431.0,421.0)
:Sending Touch (ACTION_UP): 0:(427.54437,429.5929)
:Sending Touch (ACTION_DOWN): 0:(317.0,568.0)
:Sending Touch (ACTION_UP): 0:(314.93008,574.9412)
:Sending Touch (ACTION_DOWN): 0:(812.0,678.0)
:Sending Touch (ACTION_UP): 0:(812.8368,667.48987)
:Sending Trackball (ACTION_MOVE): 0:(-3.0,4.0)
    //[calendar_time:2017-10-02 04:50:49.991  system_uptime:187102]
    // Sending event #1100
    //[calendar_time:2017-10-02 04:50:49.991  system_uptime:187103]
    // Sending event #1100
    // Rejecting start of Intent { act=android.intent.action.MAIN cat=[android.intent.category.HOME] cmp=com.google.android.apps.nexuslauncher/.NexusLauncherActivity } in package com.google.android.apps.nexuslauncher
:Sending Touch (ACTION_DOWN): 0:(1345.0,554.0)
    // Allowing start of Intent { cmp=org.totschnig.myexpenses/.activity.Help } in package org.totschnig.myexpenses
:Sending Touch (ACTION_UP): 0:(1374.0027,502.59393)
:Sending Trackball (ACTION_MOVE): 0:(0.0,0.0)
:Sending Touch (ACTION_DOWN): 0:(772.0,18.0)
:Sending Touch (ACTION_UP): 0:(772.46954,8.167163)
    // Injection Failed
:Switch: #Intent;action=android.intent.action.MAIN;category=android.intent.category.LAUNCHER;launchFlags=0x10200000;component=org.totschnig.myexpenses/.activity.SplashActivity;end
    // Allowing start of Intent { act=android.intent.action.MAIN cat=[android.intent.category.LAUNCHER] cmp=org.totschnig.myexpenses/.activity.SplashActivity } in package org.totschnig.myexpenses
:Sending Touch (ACTION_DOWN): 0:(1559.0,425.0)
:Sending Touch (ACTION_UP): 0:(1567.5845,343.77594)
:Sending Touch (ACTION_DOWN): 0:(1535.0,518.0)
:Sending Touch (ACTION_UP): 0:(1588.5629,544.02454)
:Sending Touch (ACTION_DOWN): 0:(900.0,989.0)
:Sending Touch (ACTION_UP): 0:(899.02264,1000.643)
:Sending Trackball (ACTION_MOVE): 0:(3.0,-4.0)
:Sending Trackball (ACTION_MOVE): 0:(-4.0,-5.0)
:Sending Touch (ACTION_DOWN): 0:(1719.0,248.0)
:Sending Touch (ACTION_UP): 0:(1716.0631,176.18321)
:Sending Trackball (ACTION_MOVE): 0:(-2.0,4.0)
    //[calendar_time:2017-10-02 04:50:51.469  system_uptime:188580]
    // Sending event #1200
    // activityResuming(org.totschnig.myexpenses)
:Sending Touch (ACTION_DOWN): 0:(80.0,225.0)
:Sending Touch (ACTION_UP): 0:(77.862236,238.7382)
:Sending Touch (ACTION_DOWN): 0:(994.0,228.0)
:Sending Touch (ACTION_UP): 0:(983.69604,223.07428)
:Sending Touch (ACTION_DOWN): 0:(1110.0,58.0)
:Sending Touch (ACTION_UP): 0:(1119.2096,65.10884)
:Sending Trackball (ACTION_MOVE): 0:(4.0,0.0)
:Sending Touch (ACTION_DOWN): 0:(1787.0,164.0)
:Sending Touch (ACTION_UP): 0:(1780.9724,189.51254)
:Sending Touch (ACTION_DOWN): 0:(797.0,718.0)
:Sending Touch (ACTION_UP): 0:(801.00073,732.5551)
:Switch: #Intent;action=android.intent.action.MAIN;category=android.intent.category.LAUNCHER;launchFlags=0x10200000;component=org.totschnig.myexpenses/.activity.SplashActivity;end
    // Allowing start of Intent { act=android.intent.action.MAIN cat=[android.intent.category.LAUNCHER] cmp=org.totschnig.myexpenses/.activity.SplashActivity } in package org.totschnig.myexpenses
:Sending Trackball (ACTION_MOVE): 0:(-5.0,4.0)
:Sending Trackball (ACTION_MOVE): 0:(-1.0,1.0)
    //[calendar_time:2017-10-02 04:50:53.013  system_uptime:190124]
    // Sending event #1300
:Switch: #Intent;action=android.intent.action.MAIN;category=android.intent.category.LAUNCHER;launchFlags=0x10200000;component=org.totschnig.myexpenses/.activity.SplashActivity;end
    // Allowing start of Intent { act=android.intent.action.MAIN cat=[android.intent.category.LAUNCHER] cmp=org.totschnig.myexpenses/.activity.SplashActivity } in package org.totschnig.myexpenses
:Sending Touch (ACTION_DOWN): 0:(459.0,441.0)
:Sending Touch (ACTION_UP): 0:(439.87683,441.77902)
:Sending Touch (ACTION_DOWN): 0:(1021.0,103.0)
:Sending Touch (ACTION_UP): 0:(1010.64795,110.16598)
:Sending Trackball (ACTION_MOVE): 0:(-1.0,-1.0)
:Sending Touch (ACTION_DOWN): 0:(594.0,542.0)
:Sending Touch (ACTION_UP): 0:(587.4202,529.8324)
    // Rejecting start of Intent { act=android.intent.action.MAIN cat=[android.intent.category.HOME] cmp=com.google.android.apps.nexuslauncher/.NexusLauncherActivity } in package com.google.android.apps.nexuslauncher
:Sending Trackball (ACTION_MOVE): 0:(-5.0,-1.0)
:Sending Trackball (ACTION_MOVE): 0:(1.0,3.0)
:Sending Touch (ACTION_DOWN): 0:(1353.0,616.0)
:Sending Touch (ACTION_UP): 0:(1368.4843,627.613)
:Sending Touch (ACTION_DOWN): 0:(1483.0,778.0)
:Sending Touch (ACTION_UP): 0:(1480.9944,790.3868)
:Sending Touch (ACTION_DOWN): 0:(1204.0,629.0)
:Sending Touch (ACTION_UP): 0:(1208.4694,639.3782)
:Sending Touch (ACTION_DOWN): 0:(1490.0,475.0)
:Sending Touch (ACTION_UP): 0:(1475.0056,541.1354)
:Sending Touch (ACTION_DOWN): 0:(492.0,355.0)
:Sending Touch (ACTION_UP): 0:(501.0848,355.13864)
:Sending Touch (ACTION_DOWN): 0:(521.0,550.0)
:Sending Touch (ACTION_UP): 0:(520.8155,545.0501)
    // Injection Failed
:Sending Touch (ACTION_DOWN): 0:(492.0,99.0)
    //[calendar_time:2017-10-02 04:50:54.249  system_uptime:191360]
    // Sending event #1400
:Sending Touch (ACTION_UP): 0:(513.1964,85.46956)
:Sending Touch (ACTION_DOWN): 0:(511.0,170.0)
:Sending Touch (ACTION_UP): 0:(557.0547,106.85333)
:Sending Touch (ACTION_DOWN): 0:(1787.0,615.0)
:Sending Touch (ACTION_UP): 0:(1790.6685,636.5467)
:Sending Trackball (ACTION_MOVE): 0:(-3.0,-5.0)
:Sending Touch (ACTION_DOWN): 0:(1352.0,439.0)
:Sending Touch (ACTION_UP): 0:(1333.2664,438.89325)
:Sending Touch (ACTION_DOWN): 0:(1228.0,64.0)
:Sending Touch (ACTION_UP): 0:(1126.1593,111.13091)
:Switch: #Intent;action=android.intent.action.MAIN;category=android.intent.category.LAUNCHER;launchFlags=0x10200000;component=org.totschnig.myexpenses/.activity.SplashActivity;end
    // Allowing start of Intent { act=android.intent.action.MAIN cat=[android.intent.category.LAUNCHER] cmp=org.totschnig.myexpenses/.activity.SplashActivity } in package org.totschnig.myexpenses
    // Injection Failed
:Sending Trackball (ACTION_MOVE): 0:(-3.0,-2.0)
:Sending Touch (ACTION_DOWN): 0:(1461.0,454.0)
:Sending Touch (ACTION_UP): 0:(1376.8353,398.05148)
:Sending Touch (ACTION_DOWN): 0:(1153.0,910.0)
:Sending Touch (ACTION_UP): 0:(1163.2228,909.3986)
:Sending Flip keyboardOpen=true
:Sending Touch (ACTION_DOWN): 0:(1217.0,988.0)
:Sending Touch (ACTION_UP): 0:(1207.0046,982.13)
:Sending Trackball (ACTION_MOVE): 0:(4.0,-3.0)
    //[calendar_time:2017-10-02 04:50:54.988  system_uptime:192099]
    // Sending event #1500
:Sending Trackball (ACTION_MOVE): 0:(-5.0,3.0)
    // Allowing start of Intent { cmp=org.totschnig.myexpenses/.activity.Help } in package org.totschnig.myexpenses
:Sending Touch (ACTION_DOWN): 0:(1691.0,311.0)
:Sending Touch (ACTION_UP): 0:(1598.0345,266.98938)
:Sending Touch (ACTION_DOWN): 0:(530.0,518.0)
:Sending Touch (ACTION_UP): 0:(455.361,461.57434)
:Sending Touch (ACTION_DOWN): 0:(1110.0,151.0)
:Sending Touch (ACTION_UP): 0:(1093.1448,152.22932)
:Sending Touch (ACTION_DOWN): 0:(830.0,279.0)
:Sending Touch (ACTION_UP): 0:(829.7659,279.62134)
:Sending Trackball (ACTION_MOVE): 0:(-1.0,1.0)
:Sending Trackball (ACTION_MOVE): 0:(2.0,-1.0)
:Sending Trackball (ACTION_UP): 0:(0.0,0.0)
** Monkey aborted due to error.
Events injected: 1580
:Sending rotation degree=0, persist=false
:Dropped: keys=2 pointers=2 trackballs=0 flips=0 rotations=0
## Network stats: elapsed time=13855ms (0ms mobile, 0ms wifi, 13855ms not connected)
